1687334061406	geckodriver	INFO	Listening on 127.0.0.1:38367
*** You are running in headless mode.
1687334061828	mozrunner::runner	INFO	Running command: "/snap/firefox/current/firefox.launcher" "--marionette" "--remote-debugging-port" "44755" "--remote-allow-hosts" "localhost" "-no-remote" "-profile" "/tmp/rust_mozprofile2PjP5e"
*** You are running in headless mode.
console.warn: services.settings: Ignoring preference override of remote settings server
console.warn: services.settings: Allow by setting MOZ_REMOTE_SETTINGS_DEVTOOLS=1 in the environment
[GFX1-]: glxtest: Unable to open a connection to the X server
1687334062091	Marionette	INFO	Marionette enabled
1687334062095	Marionette	INFO	Listening on port 42697
Read port: 42697
WebDriver BiDi listening on ws://127.0.0.1:44755
1687334062220	RemoteAgent	WARN	TLS certificate errors will be ignored for this session
[GFX1-]: RenderCompositorSWGL failed mapping default framebuffer, no dt
console.error: ({})
DevTools listening on ws://127.0.0.1:44755/devtools/browser/b10f1133-d09f-4b14-911a-32c767060fa1
JavaScript warning: https://p7024.y2022.kinneret.cc/static/js/main.chunk.js, line 6917: unreachable code after return statement
console.warn: LoginRecipes: "Falling back to a synchronous message for: https://p7024.y2022.kinneret.cc."
console.warn: LoginRecipes: "Falling back to a synchronous message for: https://p7024.y2022.kinneret.cc."
console.warn: LoginRecipes: "Falling back to a synchronous message for: https://p7024.y2022.kinneret.cc."
1687334069113	Marionette	INFO	Stopped listening on port 42697
