1687333845592	geckodriver	INFO	Listening on 127.0.0.1:48345
*** You are running in headless mode.
1687333846020	mozrunner::runner	INFO	Running command: "/snap/firefox/current/firefox.launcher" "--marionette" "--remote-debugging-port" "44137" "--remote-allow-hosts" "localhost" "-no-remote" "-profile" "/tmp/rust_mozprofileu4ZrC5"
*** You are running in headless mode.
console.warn: services.settings: Ignoring preference override of remote settings server
console.warn: services.settings: Allow by setting MOZ_REMOTE_SETTINGS_DEVTOOLS=1 in the environment
[GFX1-]: glxtest: Unable to open a connection to the X server
1687333846287	Marionette	INFO	Marionette enabled
1687333846290	Marionette	INFO	Listening on port 45899
Read port: 45899
WebDriver BiDi listening on ws://127.0.0.1:44137
1687333846419	RemoteAgent	WARN	TLS certificate errors will be ignored for this session
[GFX1-]: RenderCompositorSWGL failed mapping default framebuffer, no dt
console.error: ({})
DevTools listening on ws://127.0.0.1:44137/devtools/browser/6ed1c562-c5d4-44bc-ac6d-1d902fc1cccd
JavaScript warning: https://p7024.y2022.kinneret.cc/static/js/main.chunk.js, line 6917: unreachable code after return statement
console.warn: LoginRecipes: "Falling back to a synchronous message for: https://p7024.y2022.kinneret.cc."
console.warn: LoginRecipes: "Falling back to a synchronous message for: https://p7024.y2022.kinneret.cc."
JavaScript warning: https://p7024.y2022.kinneret.cc/static/js/main.chunk.js, line 6917: unreachable code after return statement
1687333854547	Marionette	INFO	Stopped listening on port 45899
