1687333837050	geckodriver	INFO	Listening on 127.0.0.1:59461
*** You are running in headless mode.
1687333837481	mozrunner::runner	INFO	Running command: "/snap/firefox/current/firefox.launcher" "--marionette" "--remote-debugging-port" "35007" "--remote-allow-hosts" "localhost" "-no-remote" "-profile" "/tmp/rust_mozprofilefdhgnf"
*** You are running in headless mode.
console.warn: services.settings: Ignoring preference override of remote settings server
console.warn: services.settings: Allow by setting MOZ_REMOTE_SETTINGS_DEVTOOLS=1 in the environment
[GFX1-]: glxtest: Unable to open a connection to the X server
1687333837771	Marionette	INFO	Marionette enabled
1687333837775	Marionette	INFO	Listening on port 42653
Read port: 42653
WebDriver BiDi listening on ws://127.0.0.1:35007
1687333837898	RemoteAgent	WARN	TLS certificate errors will be ignored for this session
[GFX1-]: RenderCompositorSWGL failed mapping default framebuffer, no dt
console.error: ({})
DevTools listening on ws://127.0.0.1:35007/devtools/browser/f935354e-e432-4b11-ac8d-3f22d7eb4d57
JavaScript warning: https://p7024.y2022.kinneret.cc/static/js/main.chunk.js, line 6917: unreachable code after return statement
console.warn: LoginRecipes: "Falling back to a synchronous message for: https://p7024.y2022.kinneret.cc."
console.warn: LoginRecipes: "Falling back to a synchronous message for: https://p7024.y2022.kinneret.cc."
console.warn: LoginRecipes: "Falling back to a synchronous message for: https://p7024.y2022.kinneret.cc."
1687333844800	Marionette	INFO	Stopped listening on port 42653
