1687339620371	geckodriver	INFO	Listening on 127.0.0.1:50783
*** You are running in headless mode.
1687339620789	mozrunner::runner	INFO	Running command: "/snap/firefox/current/firefox.launcher" "--marionette" "--remote-debugging-port" "48075" "--remote-allow-hosts" "localhost" "-no-remote" "-profile" "/tmp/rust_mozprofileXU7ToL"
*** You are running in headless mode.
console.warn: services.settings: Ignoring preference override of remote settings server
console.warn: services.settings: Allow by setting MOZ_REMOTE_SETTINGS_DEVTOOLS=1 in the environment
[GFX1-]: glxtest: Unable to open a connection to the X server
1687339621117	Marionette	INFO	Marionette enabled
1687339621121	Marionette	INFO	Listening on port 35399
Read port: 35399
WebDriver BiDi listening on ws://127.0.0.1:48075
1687339621271	RemoteAgent	WARN	TLS certificate errors will be ignored for this session
[GFX1-]: RenderCompositorSWGL failed mapping default framebuffer, no dt
console.error: ({})
DevTools listening on ws://127.0.0.1:48075/devtools/browser/b0f96e55-9012-4cc3-a33c-c9b9796bdd75
JavaScript warning: https://p7024.y2022.kinneret.cc/static/js/main.chunk.js, line 6880: unreachable code after return statement
console.warn: LoginRecipes: "Falling back to a synchronous message for: https://p7024.y2022.kinneret.cc."
console.warn: LoginRecipes: "Falling back to a synchronous message for: https://p7024.y2022.kinneret.cc."
console.warn: LoginRecipes: "Falling back to a synchronous message for: https://p7024.y2022.kinneret.cc."
1687339630061	Marionette	INFO	Stopped listening on port 35399
