1687333827645	geckodriver	INFO	Listening on 127.0.0.1:59155
*** You are running in headless mode.
1687333828072	mozrunner::runner	INFO	Running command: "/snap/firefox/current/firefox.launcher" "--marionette" "--remote-debugging-port" "41799" "--remote-allow-hosts" "localhost" "-no-remote" "-profile" "/tmp/rust_mozprofile8olW9b"
*** You are running in headless mode.
console.warn: services.settings: Ignoring preference override of remote settings server
console.warn: services.settings: Allow by setting MOZ_REMOTE_SETTINGS_DEVTOOLS=1 in the environment
[GFX1-]: glxtest: Unable to open a connection to the X server
1687333828338	Marionette	INFO	Marionette enabled
1687333828341	Marionette	INFO	Listening on port 42245
Read port: 42245
WebDriver BiDi listening on ws://127.0.0.1:41799
1687333828467	RemoteAgent	WARN	TLS certificate errors will be ignored for this session
[GFX1-]: RenderCompositorSWGL failed mapping default framebuffer, no dt
console.error: ({})
DevTools listening on ws://127.0.0.1:41799/devtools/browser/27693ded-5028-4ef5-a972-08a73f3efecf
JavaScript warning: https://p7024.y2022.kinneret.cc/static/js/main.chunk.js, line 6917: unreachable code after return statement
console.warn: LoginRecipes: "Falling back to a synchronous message for: https://p7024.y2022.kinneret.cc."
console.warn: LoginRecipes: "Falling back to a synchronous message for: https://p7024.y2022.kinneret.cc."
console.warn: LoginRecipes: "Falling back to a synchronous message for: https://p7024.y2022.kinneret.cc."
1687333836147	Marionette	INFO	Stopped listening on port 42245
